<?xml version="1.0" encoding="utf-8"?><testsuites name="pytest tests"><testsuite name="pytest" errors="0" failures="0" skipped="0" tests="26" time="8.349" timestamp="2026-04-23T12:01:31.119848+00:00" hostname="agent-env-e917b82e-1973-4a67-b345-7c4928e6a875"><testcase classname="backend.tests.test_auratravel_api" name="test_root" time="0.212" /><testcase classname="backend.tests.test_auratravel_api.TestAuth" name="test_register_and_login_new_user" time="0.554" /><testcase classname="backend.tests.test_auratravel_api.TestAuth" name="test_register_duplicate_email" time="0.045" /><testcase classname="backend.tests.test_auratravel_api.TestAuth" name="test_login_wrong_password" time="0.272" /><testcase classname="backend.tests.test_auratravel_api.TestAuth" name="test_me_requires_auth" time="0.048" /><testcase classname="backend.tests.test_auratravel_api.TestAuth" name="test_me_with_token" time="0.324" /><testcase classname="backend.tests.test_auratravel_api.TestStays" name="test_list_stays" time="0.047" /><testcase classname="backend.tests.test_auratravel_api.TestStays" name="test_get_stay_by_id" time="0.049" /><testcase classname="backend.tests.test_auratravel_api.TestStays" name="test_get_stay_not_found" time="0.044" /><testcase classname="backend.tests.test_auratravel_api.TestStays" name="test_filter_by_category" time="0.053" /><testcase classname="backend.tests.test_auratravel_api.TestStays" name="test_search_query" time="0.051" /><testcase classname="backend.tests.test_auratravel_api.TestPackages" name="test_list_packages" time="0.048" /><testcase classname="backend.tests.test_auratravel_api.TestPackages" name="test_get_package" time="0.047" /><testcase classname="backend.tests.test_auratravel_api.TestPackages" name="test_get_package_not_found" time="0.044" /><testcase classname="backend.tests.test_auratravel_api.TestWishlist" name="test_wishlist_requires_auth" time="0.098" /><testcase classname="backend.tests.test_auratravel_api.TestWishlist" name="test_wishlist_toggle_and_list" time="0.241" /><testcase classname="backend.tests.test_auratravel_api.TestBookings" name="test_bookings_requires_auth" time="0.095" /><testcase classname="backend.tests.test_auratravel_api.TestBookings" name="test_create_stay_booking" time="0.101" /><testcase classname="backend.tests.test_auratravel_api.TestBookings" name="test_create_package_booking" time="0.051" /><testcase classname="backend.tests.test_auratravel_api.TestBookings" name="test_booking_invalid_item" time="0.052" /><testcase classname="backend.tests.test_auratravel_api.TestReviews" name="test_list_reviews_public" time="0.048" /><testcase classname="backend.tests.test_auratravel_api.TestReviews" name="test_create_review_requires_auth" time="0.049" /><testcase classname="backend.tests.test_auratravel_api.TestReviews" name="test_create_and_fetch_review" time="0.093" /><testcase classname="backend.tests.test_auratravel_api.TestReviews" name="test_review_rating_validation" time="0.048" /><testcase classname="backend.tests.test_auratravel_api.TestAiSearch" name="test_ai_search_validation" time="0.048" /><testcase classname="backend.tests.test_auratravel_api.TestAiSearch" name="test_ai_search_returns_response" time="5.379" /></testsuite></testsuites>