<?xml version="1.0" encoding="utf-8"?><testsuites name="pytest tests"><testsuite name="pytest" errors="0" failures="0" skipped="0" tests="28" time="2.793" timestamp="2026-05-21T05:13:59.203651+00:00" hostname="agent-env-e917b82e-1973-4a67-b345-7c4928e6a875"><testcase classname="backend.tests.test_admin_api.TestAdminRBAC" name="test_non_admin_forbidden[/admin/stats]" time="0.520" /><testcase classname="backend.tests.test_admin_api.TestAdminRBAC" name="test_non_admin_forbidden[/admin/stays]" time="0.051" /><testcase classname="backend.tests.test_admin_api.TestAdminRBAC" name="test_non_admin_forbidden[/admin/packages]" time="0.050" /><testcase classname="backend.tests.test_admin_api.TestAdminRBAC" name="test_non_admin_forbidden[/admin/bookings]" time="0.052" /><testcase classname="backend.tests.test_admin_api.TestAdminRBAC" name="test_non_admin_forbidden[/admin/users]" time="0.052" /><testcase classname="backend.tests.test_admin_api.TestAdminRBAC" name="test_non_admin_forbidden[/admin/reviews]" time="0.052" /><testcase classname="backend.tests.test_admin_api.TestAdminRBAC" name="test_no_auth_unauthorized[/admin/stats]" time="0.047" /><testcase classname="backend.tests.test_admin_api.TestAdminRBAC" name="test_no_auth_unauthorized[/admin/stays]" time="0.048" /><testcase classname="backend.tests.test_admin_api.TestAdminRBAC" name="test_no_auth_unauthorized[/admin/packages]" time="0.048" /><testcase classname="backend.tests.test_admin_api.TestAdminRBAC" name="test_no_auth_unauthorized[/admin/bookings]" time="0.047" /><testcase classname="backend.tests.test_admin_api.TestAdminRBAC" name="test_no_auth_unauthorized[/admin/users]" time="0.048" /><testcase classname="backend.tests.test_admin_api.TestAdminRBAC" name="test_no_auth_unauthorized[/admin/reviews]" time="0.050" /><testcase classname="backend.tests.test_admin_api.TestAdminStats" name="test_stats_shape" time="0.322" /><testcase classname="backend.tests.test_admin_api.TestAdminStaysCRUD" name="test_list" time="0.049" /><testcase classname="backend.tests.test_admin_api.TestAdminStaysCRUD" name="test_create" time="0.048" /><testcase classname="backend.tests.test_admin_api.TestAdminStaysCRUD" name="test_get_via_public" time="0.051" /><testcase classname="backend.tests.test_admin_api.TestAdminStaysCRUD" name="test_update" time="0.098" /><testcase classname="backend.tests.test_admin_api.TestAdminStaysCRUD" name="test_delete" time="0.104" /><testcase classname="backend.tests.test_admin_api.TestAdminStaysCRUD" name="test_update_non_existing" time="0.058" /><testcase classname="backend.tests.test_admin_api.TestAdminPackagesCRUD" name="test_create" time="0.055" /><testcase classname="backend.tests.test_admin_api.TestAdminPackagesCRUD" name="test_update_itinerary" time="0.105" /><testcase classname="backend.tests.test_admin_api.TestAdminPackagesCRUD" name="test_delete" time="0.105" /><testcase classname="backend.tests.test_admin_api.TestAdminBookings" name="test_list_bookings_enriched" time="0.105" /><testcase classname="backend.tests.test_admin_api.TestAdminBookings" name="test_update_status" time="0.052" /><testcase classname="backend.tests.test_admin_api.TestAdminBookings" name="test_update_status_invalid" time="0.050" /><testcase classname="backend.tests.test_admin_api.TestAdminBookings" name="test_delete_booking" time="0.106" /><testcase classname="backend.tests.test_admin_api.TestAdminUsers" name="test_list_users_counts" time="0.053" /><testcase classname="backend.tests.test_admin_api.TestAdminReviews" name="test_list_and_delete_review" time="0.214" /></testsuite></testsuites>